<?xml version="1.0" encoding="UTF-8"?>
<!-- Generated by org.testng.reporters.JUnitReportReporter -->
<testsuite hostname="DESKTOP-OPQU85J" failures="0" tests="1" name="AutomationFramework.FirstDay.NewTest" time="15.754" errors="0" timestamp="24 Jun 2019 08:58:07 GMT" skipped="0">
  <testcase classname="AutomationFramework.FirstDay.NewTest" name="f" time="15.754"/>
</testsuite> <!-- AutomationFramework.FirstDay.NewTest -->
