<?xml version="1.0" encoding="UTF-8"?>
<!-- Generated by org.testng.reporters.JUnitReportReporter -->
<testsuite hostname="DESKTOP-OPQU85J" failures="0" tests="1" name="AutomationFramework.FirstDay.NewTest" time="10.748" errors="0" timestamp="19 Jun 2019 12:34:30 GMT" skipped="0">
  <testcase classname="AutomationFramework.FirstDay.NewTest" name="f" time="10.748"/>
</testsuite> <!-- AutomationFramework.FirstDay.NewTest -->
